04-Feb-2021 19:03:44.439 INFO [main] org.apache.catalina.startup.VersionLoggerListener.log Server version name:   Apache Tomcat/9.0.37
04-Feb-2021 19:03:44.442 INFO [main] org.apache.catalina.startup.VersionLoggerListener.log Server built:          Jun 30 2020 20:09:49 UTC
04-Feb-2021 19:03:44.442 INFO [main] org.apache.catalina.startup.VersionLoggerListener.log Server version number: 9.0.37.0
04-Feb-2021 19:03:44.442 INFO [main] org.apache.catalina.startup.VersionLoggerListener.log OS Name:               Mac OS X
04-Feb-2021 19:03:44.442 INFO [main] org.apache.catalina.startup.VersionLoggerListener.log OS Version:            10.15.7
04-Feb-2021 19:03:44.442 INFO [main] org.apache.catalina.startup.VersionLoggerListener.log Architecture:          x86_64
04-Feb-2021 19:03:44.443 INFO [main] org.apache.catalina.startup.VersionLoggerListener.log Java Home:             /Library/Java/JavaVirtualMachines/jdk-11.0.4.jdk/Contents/Home
04-Feb-2021 19:03:44.443 INFO [main] org.apache.catalina.startup.VersionLoggerListener.log JVM Version:           11.0.4+10-LTS
04-Feb-2021 19:03:44.443 INFO [main] org.apache.catalina.startup.VersionLoggerListener.log JVM Vendor:            Oracle Corporation
04-Feb-2021 19:03:44.443 INFO [main] org.apache.catalina.startup.VersionLoggerListener.log CATALINA_BASE:         /Users/laymui/dev/taiger/demo-serenity-rest-screenplay/apache-tomcat-9.0.37
04-Feb-2021 19:03:44.443 INFO [main] org.apache.catalina.startup.VersionLoggerListener.log CATALINA_HOME:         /Users/laymui/dev/taiger/demo-serenity-rest-screenplay/apache-tomcat-9.0.37
04-Feb-2021 19:03:44.455 INFO [main] org.apache.catalina.startup.VersionLoggerListener.log Command line argument: --add-opens=java.base/java.lang=ALL-UNNAMED
04-Feb-2021 19:03:44.456 INFO [main] org.apache.catalina.startup.VersionLoggerListener.log Command line argument: --add-opens=java.base/java.io=ALL-UNNAMED
04-Feb-2021 19:03:44.456 INFO [main] org.apache.catalina.startup.VersionLoggerListener.log Command line argument: --add-opens=java.rmi/sun.rmi.transport=ALL-UNNAMED
04-Feb-2021 19:03:44.456 INFO [main] org.apache.catalina.startup.VersionLoggerListener.log Command line argument: -Djava.util.logging.config.file=/Users/laymui/dev/taiger/demo-serenity-rest-screenplay/apache-tomcat-9.0.37/conf/logging.properties
04-Feb-2021 19:03:44.456 INFO [main] org.apache.catalina.startup.VersionLoggerListener.log Command line argument: -Djava.util.logging.manager=org.apache.juli.ClassLoaderLogManager
04-Feb-2021 19:03:44.456 INFO [main] org.apache.catalina.startup.VersionLoggerListener.log Command line argument: -Djdk.tls.ephemeralDHKeySize=2048
04-Feb-2021 19:03:44.457 INFO [main] org.apache.catalina.startup.VersionLoggerListener.log Command line argument: -Djava.protocol.handler.pkgs=org.apache.catalina.webresources
04-Feb-2021 19:03:44.457 INFO [main] org.apache.catalina.startup.VersionLoggerListener.log Command line argument: -Dorg.apache.catalina.security.SecurityListener.UMASK=0027
04-Feb-2021 19:03:44.457 INFO [main] org.apache.catalina.startup.VersionLoggerListener.log Command line argument: -Dignore.endorsed.dirs=
04-Feb-2021 19:03:44.457 INFO [main] org.apache.catalina.startup.VersionLoggerListener.log Command line argument: -Dcatalina.base=/Users/laymui/dev/taiger/demo-serenity-rest-screenplay/apache-tomcat-9.0.37
04-Feb-2021 19:03:44.457 INFO [main] org.apache.catalina.startup.VersionLoggerListener.log Command line argument: -Dcatalina.home=/Users/laymui/dev/taiger/demo-serenity-rest-screenplay/apache-tomcat-9.0.37
04-Feb-2021 19:03:44.457 INFO [main] org.apache.catalina.startup.VersionLoggerListener.log Command line argument: -Djava.io.tmpdir=/Users/laymui/dev/taiger/demo-serenity-rest-screenplay/apache-tomcat-9.0.37/temp
04-Feb-2021 19:03:44.457 INFO [main] org.apache.catalina.core.AprLifecycleListener.lifecycleEvent The Apache Tomcat Native library which allows using OpenSSL was not found on the java.library.path: [/Users/laymui/Library/Java/Extensions:/Library/Java/Extensions:/Network/Library/Java/Extensions:/System/Library/Java/Extensions:/usr/lib/java:.]
04-Feb-2021 19:03:44.738 INFO [main] org.apache.coyote.AbstractProtocol.init Initializing ProtocolHandler ["http-nio-8080"]
04-Feb-2021 19:03:44.769 INFO [main] org.apache.catalina.startup.Catalina.load Server initialization in [519] milliseconds
04-Feb-2021 19:03:44.814 INFO [main] org.apache.catalina.core.StandardService.startInternal Starting service [Catalina]
04-Feb-2021 19:03:44.814 INFO [main] org.apache.catalina.core.StandardEngine.startInternal Starting Servlet engine: [Apache Tomcat/9.0.37]
04-Feb-2021 19:03:44.830 INFO [main] org.apache.catalina.startup.HostConfig.deployWAR Deploying web application archive [/Users/laymui/dev/taiger/demo-serenity-rest-screenplay/apache-tomcat-9.0.37/webapps/webapp.war]
04-Feb-2021 19:03:44.850 INFO [main] org.apache.catalina.startup.ExpandWar.expand An expanded directory [/Users/laymui/dev/taiger/demo-serenity-rest-screenplay/apache-tomcat-9.0.37/webapps/webapp] was found with a last modified time that did not match the associated WAR. It will be deleted.
04-Feb-2021 19:03:46.323 INFO [main] org.apache.jasper.servlet.TldScanner.scanJars At least one JAR was scanned for TLDs yet contained no TLDs. Enable debug logging for this logger for a complete list of JARs that were scanned but no TLDs were found in them. Skipping unneeded JARs during scanning can improve startup time and JSP compilation time.
04-Feb-2021 19:03:48.054 INFO [main] org.apache.catalina.startup.HostConfig.deployWAR Deployment of web application archive [/Users/laymui/dev/taiger/demo-serenity-rest-screenplay/apache-tomcat-9.0.37/webapps/webapp.war] has finished in [3,222] ms
04-Feb-2021 19:03:48.056 INFO [main] org.apache.catalina.startup.HostConfig.deployDirectory Deploying web application directory [/Users/laymui/dev/taiger/demo-serenity-rest-screenplay/apache-tomcat-9.0.37/webapps/docs]
04-Feb-2021 19:03:48.101 INFO [main] org.apache.catalina.startup.HostConfig.deployDirectory Deployment of web application directory [/Users/laymui/dev/taiger/demo-serenity-rest-screenplay/apache-tomcat-9.0.37/webapps/docs] has finished in [45] ms
04-Feb-2021 19:03:48.101 INFO [main] org.apache.catalina.startup.HostConfig.deployDirectory Deploying web application directory [/Users/laymui/dev/taiger/demo-serenity-rest-screenplay/apache-tomcat-9.0.37/webapps/manager]
04-Feb-2021 19:03:48.172 INFO [main] org.apache.catalina.startup.HostConfig.deployDirectory Deployment of web application directory [/Users/laymui/dev/taiger/demo-serenity-rest-screenplay/apache-tomcat-9.0.37/webapps/manager] has finished in [71] ms
04-Feb-2021 19:03:48.172 INFO [main] org.apache.catalina.startup.HostConfig.deployDirectory Deploying web application directory [/Users/laymui/dev/taiger/demo-serenity-rest-screenplay/apache-tomcat-9.0.37/webapps/examples]
04-Feb-2021 19:03:48.770 INFO [main] org.apache.catalina.startup.HostConfig.deployDirectory Deployment of web application directory [/Users/laymui/dev/taiger/demo-serenity-rest-screenplay/apache-tomcat-9.0.37/webapps/examples] has finished in [597] ms
04-Feb-2021 19:03:48.770 INFO [main] org.apache.catalina.startup.HostConfig.deployDirectory Deploying web application directory [/Users/laymui/dev/taiger/demo-serenity-rest-screenplay/apache-tomcat-9.0.37/webapps/ROOT]
04-Feb-2021 19:03:48.796 INFO [main] org.apache.catalina.startup.HostConfig.deployDirectory Deployment of web application directory [/Users/laymui/dev/taiger/demo-serenity-rest-screenplay/apache-tomcat-9.0.37/webapps/ROOT] has finished in [26] ms
04-Feb-2021 19:03:48.800 INFO [main] org.apache.catalina.startup.HostConfig.deployDirectory Deploying web application directory [/Users/laymui/dev/taiger/demo-serenity-rest-screenplay/apache-tomcat-9.0.37/webapps/host-manager]
04-Feb-2021 19:03:48.846 INFO [main] org.apache.catalina.startup.HostConfig.deployDirectory Deployment of web application directory [/Users/laymui/dev/taiger/demo-serenity-rest-screenplay/apache-tomcat-9.0.37/webapps/host-manager] has finished in [46] ms
04-Feb-2021 19:03:48.859 INFO [main] org.apache.coyote.AbstractProtocol.start Starting ProtocolHandler ["http-nio-8080"]
04-Feb-2021 19:03:48.873 INFO [main] org.apache.catalina.startup.Catalina.start Server startup in [4103] milliseconds
