13-Jun-2021 15:54:17.149 INFO [main] org.apache.catalina.startup.VersionLoggerListener.log Server version name:   Apache Tomcat/9.0.37
13-Jun-2021 15:54:17.152 INFO [main] org.apache.catalina.startup.VersionLoggerListener.log Server built:          Jun 30 2020 20:09:49 UTC
13-Jun-2021 15:54:17.152 INFO [main] org.apache.catalina.startup.VersionLoggerListener.log Server version number: 9.0.37.0
13-Jun-2021 15:54:17.153 INFO [main] org.apache.catalina.startup.VersionLoggerListener.log OS Name:               Mac OS X
13-Jun-2021 15:54:17.153 INFO [main] org.apache.catalina.startup.VersionLoggerListener.log OS Version:            10.15.7
13-Jun-2021 15:54:17.153 INFO [main] org.apache.catalina.startup.VersionLoggerListener.log Architecture:          x86_64
13-Jun-2021 15:54:17.153 INFO [main] org.apache.catalina.startup.VersionLoggerListener.log Java Home:             /Library/Java/JavaVirtualMachines/jdk-11.0.4.jdk/Contents/Home
13-Jun-2021 15:54:17.153 INFO [main] org.apache.catalina.startup.VersionLoggerListener.log JVM Version:           11.0.4+10-LTS
13-Jun-2021 15:54:17.153 INFO [main] org.apache.catalina.startup.VersionLoggerListener.log JVM Vendor:            Oracle Corporation
13-Jun-2021 15:54:17.153 INFO [main] org.apache.catalina.startup.VersionLoggerListener.log CATALINA_BASE:         /Users/laymui/dev/taiger/demo-serenity-rest-screenplay/apache-tomcat-9.0.37
13-Jun-2021 15:54:17.153 INFO [main] org.apache.catalina.startup.VersionLoggerListener.log CATALINA_HOME:         /Users/laymui/dev/taiger/demo-serenity-rest-screenplay/apache-tomcat-9.0.37
13-Jun-2021 15:54:17.165 INFO [main] org.apache.catalina.startup.VersionLoggerListener.log Command line argument: --add-opens=java.base/java.lang=ALL-UNNAMED
13-Jun-2021 15:54:17.165 INFO [main] org.apache.catalina.startup.VersionLoggerListener.log Command line argument: --add-opens=java.base/java.io=ALL-UNNAMED
13-Jun-2021 15:54:17.165 INFO [main] org.apache.catalina.startup.VersionLoggerListener.log Command line argument: --add-opens=java.rmi/sun.rmi.transport=ALL-UNNAMED
13-Jun-2021 15:54:17.165 INFO [main] org.apache.catalina.startup.VersionLoggerListener.log Command line argument: -Djava.util.logging.config.file=/Users/laymui/dev/taiger/demo-serenity-rest-screenplay/apache-tomcat-9.0.37/conf/logging.properties
13-Jun-2021 15:54:17.165 INFO [main] org.apache.catalina.startup.VersionLoggerListener.log Command line argument: -Djava.util.logging.manager=org.apache.juli.ClassLoaderLogManager
13-Jun-2021 15:54:17.166 INFO [main] org.apache.catalina.startup.VersionLoggerListener.log Command line argument: -Djdk.tls.ephemeralDHKeySize=2048
13-Jun-2021 15:54:17.166 INFO [main] org.apache.catalina.startup.VersionLoggerListener.log Command line argument: -Djava.protocol.handler.pkgs=org.apache.catalina.webresources
13-Jun-2021 15:54:17.166 INFO [main] org.apache.catalina.startup.VersionLoggerListener.log Command line argument: -Dorg.apache.catalina.security.SecurityListener.UMASK=0027
13-Jun-2021 15:54:17.166 INFO [main] org.apache.catalina.startup.VersionLoggerListener.log Command line argument: -Dignore.endorsed.dirs=
13-Jun-2021 15:54:17.166 INFO [main] org.apache.catalina.startup.VersionLoggerListener.log Command line argument: -Dcatalina.base=/Users/laymui/dev/taiger/demo-serenity-rest-screenplay/apache-tomcat-9.0.37
13-Jun-2021 15:54:17.166 INFO [main] org.apache.catalina.startup.VersionLoggerListener.log Command line argument: -Dcatalina.home=/Users/laymui/dev/taiger/demo-serenity-rest-screenplay/apache-tomcat-9.0.37
13-Jun-2021 15:54:17.166 INFO [main] org.apache.catalina.startup.VersionLoggerListener.log Command line argument: -Djava.io.tmpdir=/Users/laymui/dev/taiger/demo-serenity-rest-screenplay/apache-tomcat-9.0.37/temp
13-Jun-2021 15:54:17.166 INFO [main] org.apache.catalina.core.AprLifecycleListener.lifecycleEvent The Apache Tomcat Native library which allows using OpenSSL was not found on the java.library.path: [/Users/laymui/Library/Java/Extensions:/Library/Java/Extensions:/Network/Library/Java/Extensions:/System/Library/Java/Extensions:/usr/lib/java:.]
13-Jun-2021 15:54:17.412 INFO [main] org.apache.coyote.AbstractProtocol.init Initializing ProtocolHandler ["http-nio-8080"]
13-Jun-2021 15:54:17.439 INFO [main] org.apache.catalina.startup.Catalina.load Server initialization in [475] milliseconds
13-Jun-2021 15:54:17.477 INFO [main] org.apache.catalina.core.StandardService.startInternal Starting service [Catalina]
13-Jun-2021 15:54:17.477 INFO [main] org.apache.catalina.core.StandardEngine.startInternal Starting Servlet engine: [Apache Tomcat/9.0.37]
13-Jun-2021 15:54:17.491 INFO [main] org.apache.catalina.startup.HostConfig.deployWAR Deploying web application archive [/Users/laymui/dev/taiger/demo-serenity-rest-screenplay/apache-tomcat-9.0.37/webapps/webapp.war]
13-Jun-2021 15:54:17.509 INFO [main] org.apache.catalina.startup.ExpandWar.expand An expanded directory [/Users/laymui/dev/taiger/demo-serenity-rest-screenplay/apache-tomcat-9.0.37/webapps/webapp] was found with a last modified time that did not match the associated WAR. It will be deleted.
13-Jun-2021 15:54:18.499 INFO [main] org.apache.jasper.servlet.TldScanner.scanJars At least one JAR was scanned for TLDs yet contained no TLDs. Enable debug logging for this logger for a complete list of JARs that were scanned but no TLDs were found in them. Skipping unneeded JARs during scanning can improve startup time and JSP compilation time.
13-Jun-2021 15:54:19.339 INFO [main] org.apache.catalina.startup.HostConfig.deployWAR Deployment of web application archive [/Users/laymui/dev/taiger/demo-serenity-rest-screenplay/apache-tomcat-9.0.37/webapps/webapp.war] has finished in [1,848] ms
13-Jun-2021 15:54:19.340 INFO [main] org.apache.catalina.startup.HostConfig.deployDirectory Deploying web application directory [/Users/laymui/dev/taiger/demo-serenity-rest-screenplay/apache-tomcat-9.0.37/webapps/docs]
13-Jun-2021 15:54:19.356 INFO [main] org.apache.catalina.startup.HostConfig.deployDirectory Deployment of web application directory [/Users/laymui/dev/taiger/demo-serenity-rest-screenplay/apache-tomcat-9.0.37/webapps/docs] has finished in [15] ms
13-Jun-2021 15:54:19.356 INFO [main] org.apache.catalina.startup.HostConfig.deployDirectory Deploying web application directory [/Users/laymui/dev/taiger/demo-serenity-rest-screenplay/apache-tomcat-9.0.37/webapps/manager]
13-Jun-2021 15:54:19.380 INFO [main] org.apache.catalina.startup.HostConfig.deployDirectory Deployment of web application directory [/Users/laymui/dev/taiger/demo-serenity-rest-screenplay/apache-tomcat-9.0.37/webapps/manager] has finished in [24] ms
13-Jun-2021 15:54:19.380 INFO [main] org.apache.catalina.startup.HostConfig.deployDirectory Deploying web application directory [/Users/laymui/dev/taiger/demo-serenity-rest-screenplay/apache-tomcat-9.0.37/webapps/examples]
13-Jun-2021 15:54:19.568 INFO [main] org.apache.catalina.startup.HostConfig.deployDirectory Deployment of web application directory [/Users/laymui/dev/taiger/demo-serenity-rest-screenplay/apache-tomcat-9.0.37/webapps/examples] has finished in [188] ms
13-Jun-2021 15:54:19.569 INFO [main] org.apache.catalina.startup.HostConfig.deployDirectory Deploying web application directory [/Users/laymui/dev/taiger/demo-serenity-rest-screenplay/apache-tomcat-9.0.37/webapps/ROOT]
13-Jun-2021 15:54:19.582 INFO [main] org.apache.catalina.startup.HostConfig.deployDirectory Deployment of web application directory [/Users/laymui/dev/taiger/demo-serenity-rest-screenplay/apache-tomcat-9.0.37/webapps/ROOT] has finished in [14] ms
13-Jun-2021 15:54:19.583 INFO [main] org.apache.catalina.startup.HostConfig.deployDirectory Deploying web application directory [/Users/laymui/dev/taiger/demo-serenity-rest-screenplay/apache-tomcat-9.0.37/webapps/host-manager]
13-Jun-2021 15:54:19.600 INFO [main] org.apache.catalina.startup.HostConfig.deployDirectory Deployment of web application directory [/Users/laymui/dev/taiger/demo-serenity-rest-screenplay/apache-tomcat-9.0.37/webapps/host-manager] has finished in [18] ms
13-Jun-2021 15:54:19.605 INFO [main] org.apache.coyote.AbstractProtocol.start Starting ProtocolHandler ["http-nio-8080"]
13-Jun-2021 15:54:19.612 INFO [main] org.apache.catalina.startup.Catalina.start Server startup in [2173] milliseconds
