03-Sep-2021 18:50:59.010 INFO [main] org.apache.catalina.startup.VersionLoggerListener.log Server version name:   Apache Tomcat/9.0.37
03-Sep-2021 18:50:59.014 INFO [main] org.apache.catalina.startup.VersionLoggerListener.log Server built:          Jun 30 2020 20:09:49 UTC
03-Sep-2021 18:50:59.014 INFO [main] org.apache.catalina.startup.VersionLoggerListener.log Server version number: 9.0.37.0
03-Sep-2021 18:50:59.014 INFO [main] org.apache.catalina.startup.VersionLoggerListener.log OS Name:               Mac OS X
03-Sep-2021 18:50:59.014 INFO [main] org.apache.catalina.startup.VersionLoggerListener.log OS Version:            10.16
03-Sep-2021 18:50:59.015 INFO [main] org.apache.catalina.startup.VersionLoggerListener.log Architecture:          x86_64
03-Sep-2021 18:50:59.015 INFO [main] org.apache.catalina.startup.VersionLoggerListener.log Java Home:             /Library/Java/JavaVirtualMachines/jdk-11.0.4.jdk/Contents/Home
03-Sep-2021 18:50:59.015 INFO [main] org.apache.catalina.startup.VersionLoggerListener.log JVM Version:           11.0.4+10-LTS
03-Sep-2021 18:50:59.015 INFO [main] org.apache.catalina.startup.VersionLoggerListener.log JVM Vendor:            Oracle Corporation
03-Sep-2021 18:50:59.015 INFO [main] org.apache.catalina.startup.VersionLoggerListener.log CATALINA_BASE:         /Users/laymui/dev/taiger/demo-serenity-rest-screenplay/apache-tomcat-9.0.37
03-Sep-2021 18:50:59.015 INFO [main] org.apache.catalina.startup.VersionLoggerListener.log CATALINA_HOME:         /Users/laymui/dev/taiger/demo-serenity-rest-screenplay/apache-tomcat-9.0.37
03-Sep-2021 18:50:59.063 INFO [main] org.apache.catalina.startup.VersionLoggerListener.log Command line argument: --add-opens=java.base/java.lang=ALL-UNNAMED
03-Sep-2021 18:50:59.063 INFO [main] org.apache.catalina.startup.VersionLoggerListener.log Command line argument: --add-opens=java.base/java.io=ALL-UNNAMED
03-Sep-2021 18:50:59.063 INFO [main] org.apache.catalina.startup.VersionLoggerListener.log Command line argument: --add-opens=java.rmi/sun.rmi.transport=ALL-UNNAMED
03-Sep-2021 18:50:59.063 INFO [main] org.apache.catalina.startup.VersionLoggerListener.log Command line argument: -Djava.util.logging.config.file=/Users/laymui/dev/taiger/demo-serenity-rest-screenplay/apache-tomcat-9.0.37/conf/logging.properties
03-Sep-2021 18:50:59.063 INFO [main] org.apache.catalina.startup.VersionLoggerListener.log Command line argument: -Djava.util.logging.manager=org.apache.juli.ClassLoaderLogManager
03-Sep-2021 18:50:59.064 INFO [main] org.apache.catalina.startup.VersionLoggerListener.log Command line argument: -Djdk.tls.ephemeralDHKeySize=2048
03-Sep-2021 18:50:59.064 INFO [main] org.apache.catalina.startup.VersionLoggerListener.log Command line argument: -Djava.protocol.handler.pkgs=org.apache.catalina.webresources
03-Sep-2021 18:50:59.064 INFO [main] org.apache.catalina.startup.VersionLoggerListener.log Command line argument: -Dorg.apache.catalina.security.SecurityListener.UMASK=0027
03-Sep-2021 18:50:59.064 INFO [main] org.apache.catalina.startup.VersionLoggerListener.log Command line argument: -Dignore.endorsed.dirs=
03-Sep-2021 18:50:59.064 INFO [main] org.apache.catalina.startup.VersionLoggerListener.log Command line argument: -Dcatalina.base=/Users/laymui/dev/taiger/demo-serenity-rest-screenplay/apache-tomcat-9.0.37
03-Sep-2021 18:50:59.064 INFO [main] org.apache.catalina.startup.VersionLoggerListener.log Command line argument: -Dcatalina.home=/Users/laymui/dev/taiger/demo-serenity-rest-screenplay/apache-tomcat-9.0.37
03-Sep-2021 18:50:59.064 INFO [main] org.apache.catalina.startup.VersionLoggerListener.log Command line argument: -Djava.io.tmpdir=/Users/laymui/dev/taiger/demo-serenity-rest-screenplay/apache-tomcat-9.0.37/temp
03-Sep-2021 18:50:59.064 INFO [main] org.apache.catalina.core.AprLifecycleListener.lifecycleEvent The Apache Tomcat Native library which allows using OpenSSL was not found on the java.library.path: [/Users/laymui/Library/Java/Extensions:/Library/Java/Extensions:/Network/Library/Java/Extensions:/System/Library/Java/Extensions:/usr/lib/java:.]
03-Sep-2021 18:50:59.353 INFO [main] org.apache.coyote.AbstractProtocol.init Initializing ProtocolHandler ["http-nio-8080"]
03-Sep-2021 18:50:59.399 INFO [main] org.apache.catalina.startup.Catalina.load Server initialization in [586] milliseconds
03-Sep-2021 18:50:59.441 INFO [main] org.apache.catalina.core.StandardService.startInternal Starting service [Catalina]
03-Sep-2021 18:50:59.441 INFO [main] org.apache.catalina.core.StandardEngine.startInternal Starting Servlet engine: [Apache Tomcat/9.0.37]
03-Sep-2021 18:50:59.457 INFO [main] org.apache.catalina.startup.HostConfig.deployWAR Deploying web application archive [/Users/laymui/dev/taiger/demo-serenity-rest-screenplay/apache-tomcat-9.0.37/webapps/webapp.war]
03-Sep-2021 18:50:59.476 INFO [main] org.apache.catalina.startup.ExpandWar.expand An expanded directory [/Users/laymui/dev/taiger/demo-serenity-rest-screenplay/apache-tomcat-9.0.37/webapps/webapp] was found with a last modified time that did not match the associated WAR. It will be deleted.
03-Sep-2021 18:51:00.478 INFO [main] org.apache.jasper.servlet.TldScanner.scanJars At least one JAR was scanned for TLDs yet contained no TLDs. Enable debug logging for this logger for a complete list of JARs that were scanned but no TLDs were found in them. Skipping unneeded JARs during scanning can improve startup time and JSP compilation time.
03-Sep-2021 18:51:01.314 INFO [main] org.apache.catalina.startup.HostConfig.deployWAR Deployment of web application archive [/Users/laymui/dev/taiger/demo-serenity-rest-screenplay/apache-tomcat-9.0.37/webapps/webapp.war] has finished in [1,857] ms
03-Sep-2021 18:51:01.315 INFO [main] org.apache.catalina.startup.HostConfig.deployDirectory Deploying web application directory [/Users/laymui/dev/taiger/demo-serenity-rest-screenplay/apache-tomcat-9.0.37/webapps/docs]
03-Sep-2021 18:51:01.328 INFO [main] org.apache.catalina.startup.HostConfig.deployDirectory Deployment of web application directory [/Users/laymui/dev/taiger/demo-serenity-rest-screenplay/apache-tomcat-9.0.37/webapps/docs] has finished in [13] ms
03-Sep-2021 18:51:01.328 INFO [main] org.apache.catalina.startup.HostConfig.deployDirectory Deploying web application directory [/Users/laymui/dev/taiger/demo-serenity-rest-screenplay/apache-tomcat-9.0.37/webapps/manager]
03-Sep-2021 18:51:01.352 INFO [main] org.apache.catalina.startup.HostConfig.deployDirectory Deployment of web application directory [/Users/laymui/dev/taiger/demo-serenity-rest-screenplay/apache-tomcat-9.0.37/webapps/manager] has finished in [24] ms
03-Sep-2021 18:51:01.353 INFO [main] org.apache.catalina.startup.HostConfig.deployDirectory Deploying web application directory [/Users/laymui/dev/taiger/demo-serenity-rest-screenplay/apache-tomcat-9.0.37/webapps/examples]
03-Sep-2021 18:51:01.556 INFO [main] org.apache.catalina.startup.HostConfig.deployDirectory Deployment of web application directory [/Users/laymui/dev/taiger/demo-serenity-rest-screenplay/apache-tomcat-9.0.37/webapps/examples] has finished in [204] ms
03-Sep-2021 18:51:01.556 INFO [main] org.apache.catalina.startup.HostConfig.deployDirectory Deploying web application directory [/Users/laymui/dev/taiger/demo-serenity-rest-screenplay/apache-tomcat-9.0.37/webapps/ROOT]
03-Sep-2021 18:51:01.572 INFO [main] org.apache.catalina.startup.HostConfig.deployDirectory Deployment of web application directory [/Users/laymui/dev/taiger/demo-serenity-rest-screenplay/apache-tomcat-9.0.37/webapps/ROOT] has finished in [15] ms
03-Sep-2021 18:51:01.572 INFO [main] org.apache.catalina.startup.HostConfig.deployDirectory Deploying web application directory [/Users/laymui/dev/taiger/demo-serenity-rest-screenplay/apache-tomcat-9.0.37/webapps/host-manager]
03-Sep-2021 18:51:01.589 INFO [main] org.apache.catalina.startup.HostConfig.deployDirectory Deployment of web application directory [/Users/laymui/dev/taiger/demo-serenity-rest-screenplay/apache-tomcat-9.0.37/webapps/host-manager] has finished in [17] ms
03-Sep-2021 18:51:01.593 INFO [main] org.apache.coyote.AbstractProtocol.start Starting ProtocolHandler ["http-nio-8080"]
03-Sep-2021 18:51:01.601 INFO [main] org.apache.catalina.startup.Catalina.start Server startup in [2201] milliseconds
