NOTE: Picked up JDK_JAVA_OPTIONS:  --add-opens=java.base/java.lang=ALL-UNNAMED --add-opens=java.base/java.io=ALL-UNNAMED --add-opens=java.rmi/sun.rmi.transport=ALL-UNNAMED
06-Sep-2020 16:26:03.136 INFO [main] org.apache.catalina.startup.VersionLoggerListener.log Server version name:   Apache Tomcat/9.0.37
06-Sep-2020 16:26:03.140 INFO [main] org.apache.catalina.startup.VersionLoggerListener.log Server built:          Jun 30 2020 20:09:49 UTC
06-Sep-2020 16:26:03.140 INFO [main] org.apache.catalina.startup.VersionLoggerListener.log Server version number: 9.0.37.0
06-Sep-2020 16:26:03.141 INFO [main] org.apache.catalina.startup.VersionLoggerListener.log OS Name:               Mac OS X
06-Sep-2020 16:26:03.141 INFO [main] org.apache.catalina.startup.VersionLoggerListener.log OS Version:            10.14.6
06-Sep-2020 16:26:03.141 INFO [main] org.apache.catalina.startup.VersionLoggerListener.log Architecture:          x86_64
06-Sep-2020 16:26:03.141 INFO [main] org.apache.catalina.startup.VersionLoggerListener.log Java Home:             /Library/Java/JavaVirtualMachines/jdk-11.0.4.jdk/Contents/Home
06-Sep-2020 16:26:03.141 INFO [main] org.apache.catalina.startup.VersionLoggerListener.log JVM Version:           11.0.4+10-LTS
06-Sep-2020 16:26:03.142 INFO [main] org.apache.catalina.startup.VersionLoggerListener.log JVM Vendor:            Oracle Corporation
06-Sep-2020 16:26:03.142 INFO [main] org.apache.catalina.startup.VersionLoggerListener.log CATALINA_BASE:         /Users/laymui/dev/apache-tomcat-9.0.37
06-Sep-2020 16:26:03.142 INFO [main] org.apache.catalina.startup.VersionLoggerListener.log CATALINA_HOME:         /Users/laymui/dev/apache-tomcat-9.0.37
06-Sep-2020 16:26:03.158 INFO [main] org.apache.catalina.startup.VersionLoggerListener.log Command line argument: --add-opens=java.base/java.lang=ALL-UNNAMED
06-Sep-2020 16:26:03.158 INFO [main] org.apache.catalina.startup.VersionLoggerListener.log Command line argument: --add-opens=java.base/java.io=ALL-UNNAMED
06-Sep-2020 16:26:03.158 INFO [main] org.apache.catalina.startup.VersionLoggerListener.log Command line argument: --add-opens=java.rmi/sun.rmi.transport=ALL-UNNAMED
06-Sep-2020 16:26:03.158 INFO [main] org.apache.catalina.startup.VersionLoggerListener.log Command line argument: -Djava.util.logging.config.file=/Users/laymui/dev/apache-tomcat-9.0.37/conf/logging.properties
06-Sep-2020 16:26:03.158 INFO [main] org.apache.catalina.startup.VersionLoggerListener.log Command line argument: -Djava.util.logging.manager=org.apache.juli.ClassLoaderLogManager
06-Sep-2020 16:26:03.159 INFO [main] org.apache.catalina.startup.VersionLoggerListener.log Command line argument: -Djdk.tls.ephemeralDHKeySize=2048
06-Sep-2020 16:26:03.159 INFO [main] org.apache.catalina.startup.VersionLoggerListener.log Command line argument: -Djava.protocol.handler.pkgs=org.apache.catalina.webresources
06-Sep-2020 16:26:03.159 INFO [main] org.apache.catalina.startup.VersionLoggerListener.log Command line argument: -Dorg.apache.catalina.security.SecurityListener.UMASK=0027
06-Sep-2020 16:26:03.159 INFO [main] org.apache.catalina.startup.VersionLoggerListener.log Command line argument: -Dignore.endorsed.dirs=
06-Sep-2020 16:26:03.159 INFO [main] org.apache.catalina.startup.VersionLoggerListener.log Command line argument: -Dcatalina.base=/Users/laymui/dev/apache-tomcat-9.0.37
06-Sep-2020 16:26:03.159 INFO [main] org.apache.catalina.startup.VersionLoggerListener.log Command line argument: -Dcatalina.home=/Users/laymui/dev/apache-tomcat-9.0.37
06-Sep-2020 16:26:03.159 INFO [main] org.apache.catalina.startup.VersionLoggerListener.log Command line argument: -Djava.io.tmpdir=/Users/laymui/dev/apache-tomcat-9.0.37/temp
06-Sep-2020 16:26:03.159 INFO [main] org.apache.catalina.core.AprLifecycleListener.lifecycleEvent The Apache Tomcat Native library which allows using OpenSSL was not found on the java.library.path: [/Users/laymui/Library/Java/Extensions:/Library/Java/Extensions:/Network/Library/Java/Extensions:/System/Library/Java/Extensions:/usr/lib/java:.]
06-Sep-2020 16:26:03.497 INFO [main] org.apache.coyote.AbstractProtocol.init Initializing ProtocolHandler ["http-nio-8080"]
06-Sep-2020 16:26:03.536 INFO [main] org.apache.catalina.startup.Catalina.load Server initialization in [605] milliseconds
06-Sep-2020 16:26:03.596 INFO [main] org.apache.catalina.core.StandardService.startInternal Starting service [Catalina]
06-Sep-2020 16:26:03.597 INFO [main] org.apache.catalina.core.StandardEngine.startInternal Starting Servlet engine: [Apache Tomcat/9.0.37]
06-Sep-2020 16:26:03.605 INFO [main] org.apache.catalina.startup.HostConfig.deployDirectory Deploying web application directory [/Users/laymui/dev/apache-tomcat-9.0.37/webapps/docs]
06-Sep-2020 16:26:03.875 INFO [main] org.apache.catalina.startup.HostConfig.deployDirectory Deployment of web application directory [/Users/laymui/dev/apache-tomcat-9.0.37/webapps/docs] has finished in [269] ms
06-Sep-2020 16:26:03.875 INFO [main] org.apache.catalina.startup.HostConfig.deployDirectory Deploying web application directory [/Users/laymui/dev/apache-tomcat-9.0.37/webapps/manager]
06-Sep-2020 16:26:03.914 INFO [main] org.apache.catalina.startup.HostConfig.deployDirectory Deployment of web application directory [/Users/laymui/dev/apache-tomcat-9.0.37/webapps/manager] has finished in [39] ms
06-Sep-2020 16:26:03.915 INFO [main] org.apache.catalina.startup.HostConfig.deployDirectory Deploying web application directory [/Users/laymui/dev/apache-tomcat-9.0.37/webapps/examples]
06-Sep-2020 16:26:04.149 INFO [main] org.apache.catalina.startup.HostConfig.deployDirectory Deployment of web application directory [/Users/laymui/dev/apache-tomcat-9.0.37/webapps/examples] has finished in [235] ms
06-Sep-2020 16:26:04.149 INFO [main] org.apache.catalina.startup.HostConfig.deployDirectory Deploying web application directory [/Users/laymui/dev/apache-tomcat-9.0.37/webapps/ROOT]
06-Sep-2020 16:26:04.168 INFO [main] org.apache.catalina.startup.HostConfig.deployDirectory Deployment of web application directory [/Users/laymui/dev/apache-tomcat-9.0.37/webapps/ROOT] has finished in [19] ms
06-Sep-2020 16:26:04.168 INFO [main] org.apache.catalina.startup.HostConfig.deployDirectory Deploying web application directory [/Users/laymui/dev/apache-tomcat-9.0.37/webapps/host-manager]
06-Sep-2020 16:26:04.190 INFO [main] org.apache.catalina.startup.HostConfig.deployDirectory Deployment of web application directory [/Users/laymui/dev/apache-tomcat-9.0.37/webapps/host-manager] has finished in [22] ms
06-Sep-2020 16:26:04.197 INFO [main] org.apache.coyote.AbstractProtocol.start Starting ProtocolHandler ["http-nio-8080"]
06-Sep-2020 16:26:04.205 INFO [main] org.apache.catalina.startup.Catalina.start Server startup in [669] milliseconds
06-Sep-2020 16:26:33.119 INFO [main] org.apache.catalina.core.StandardServer.await A valid shutdown command was received via the shutdown port. Stopping the Server instance.
06-Sep-2020 16:26:33.120 INFO [main] org.apache.coyote.AbstractProtocol.pause Pausing ProtocolHandler ["http-nio-8080"]
06-Sep-2020 16:26:33.129 INFO [main] org.apache.catalina.core.StandardService.stopInternal Stopping service [Catalina]
06-Sep-2020 16:26:33.150 INFO [main] org.apache.coyote.AbstractProtocol.stop Stopping ProtocolHandler ["http-nio-8080"]
06-Sep-2020 16:26:33.154 INFO [main] org.apache.coyote.AbstractProtocol.destroy Destroying ProtocolHandler ["http-nio-8080"]
NOTE: Picked up JDK_JAVA_OPTIONS:  --add-opens=java.base/java.lang=ALL-UNNAMED --add-opens=java.base/java.io=ALL-UNNAMED --add-opens=java.rmi/sun.rmi.transport=ALL-UNNAMED
06-Sep-2020 16:26:42.116 INFO [main] org.apache.catalina.startup.VersionLoggerListener.log Server version name:   Apache Tomcat/9.0.37
06-Sep-2020 16:26:42.121 INFO [main] org.apache.catalina.startup.VersionLoggerListener.log Server built:          Jun 30 2020 20:09:49 UTC
06-Sep-2020 16:26:42.121 INFO [main] org.apache.catalina.startup.VersionLoggerListener.log Server version number: 9.0.37.0
06-Sep-2020 16:26:42.121 INFO [main] org.apache.catalina.startup.VersionLoggerListener.log OS Name:               Mac OS X
06-Sep-2020 16:26:42.121 INFO [main] org.apache.catalina.startup.VersionLoggerListener.log OS Version:            10.14.6
06-Sep-2020 16:26:42.121 INFO [main] org.apache.catalina.startup.VersionLoggerListener.log Architecture:          x86_64
06-Sep-2020 16:26:42.121 INFO [main] org.apache.catalina.startup.VersionLoggerListener.log Java Home:             /Library/Java/JavaVirtualMachines/jdk-11.0.4.jdk/Contents/Home
06-Sep-2020 16:26:42.122 INFO [main] org.apache.catalina.startup.VersionLoggerListener.log JVM Version:           11.0.4+10-LTS
06-Sep-2020 16:26:42.122 INFO [main] org.apache.catalina.startup.VersionLoggerListener.log JVM Vendor:            Oracle Corporation
06-Sep-2020 16:26:42.122 INFO [main] org.apache.catalina.startup.VersionLoggerListener.log CATALINA_BASE:         /Users/laymui/dev/apache-tomcat-9.0.37
06-Sep-2020 16:26:42.122 INFO [main] org.apache.catalina.startup.VersionLoggerListener.log CATALINA_HOME:         /Users/laymui/dev/apache-tomcat-9.0.37
06-Sep-2020 16:26:42.137 INFO [main] org.apache.catalina.startup.VersionLoggerListener.log Command line argument: --add-opens=java.base/java.lang=ALL-UNNAMED
06-Sep-2020 16:26:42.137 INFO [main] org.apache.catalina.startup.VersionLoggerListener.log Command line argument: --add-opens=java.base/java.io=ALL-UNNAMED
06-Sep-2020 16:26:42.137 INFO [main] org.apache.catalina.startup.VersionLoggerListener.log Command line argument: --add-opens=java.rmi/sun.rmi.transport=ALL-UNNAMED
06-Sep-2020 16:26:42.137 INFO [main] org.apache.catalina.startup.VersionLoggerListener.log Command line argument: -Djava.util.logging.config.file=/Users/laymui/dev/apache-tomcat-9.0.37/conf/logging.properties
06-Sep-2020 16:26:42.138 INFO [main] org.apache.catalina.startup.VersionLoggerListener.log Command line argument: -Djava.util.logging.manager=org.apache.juli.ClassLoaderLogManager
06-Sep-2020 16:26:42.138 INFO [main] org.apache.catalina.startup.VersionLoggerListener.log Command line argument: -Djdk.tls.ephemeralDHKeySize=2048
06-Sep-2020 16:26:42.138 INFO [main] org.apache.catalina.startup.VersionLoggerListener.log Command line argument: -Djava.protocol.handler.pkgs=org.apache.catalina.webresources
06-Sep-2020 16:26:42.138 INFO [main] org.apache.catalina.startup.VersionLoggerListener.log Command line argument: -Dorg.apache.catalina.security.SecurityListener.UMASK=0027
06-Sep-2020 16:26:42.139 INFO [main] org.apache.catalina.startup.VersionLoggerListener.log Command line argument: -Dignore.endorsed.dirs=
06-Sep-2020 16:26:42.139 INFO [main] org.apache.catalina.startup.VersionLoggerListener.log Command line argument: -Dcatalina.base=/Users/laymui/dev/apache-tomcat-9.0.37
06-Sep-2020 16:26:42.139 INFO [main] org.apache.catalina.startup.VersionLoggerListener.log Command line argument: -Dcatalina.home=/Users/laymui/dev/apache-tomcat-9.0.37
06-Sep-2020 16:26:42.139 INFO [main] org.apache.catalina.startup.VersionLoggerListener.log Command line argument: -Djava.io.tmpdir=/Users/laymui/dev/apache-tomcat-9.0.37/temp
06-Sep-2020 16:26:42.139 INFO [main] org.apache.catalina.core.AprLifecycleListener.lifecycleEvent The Apache Tomcat Native library which allows using OpenSSL was not found on the java.library.path: [/Users/laymui/Library/Java/Extensions:/Library/Java/Extensions:/Network/Library/Java/Extensions:/System/Library/Java/Extensions:/usr/lib/java:.]
06-Sep-2020 16:26:42.493 INFO [main] org.apache.coyote.AbstractProtocol.init Initializing ProtocolHandler ["http-nio-8080"]
06-Sep-2020 16:26:42.533 INFO [main] org.apache.catalina.startup.Catalina.load Server initialization in [596] milliseconds
06-Sep-2020 16:26:42.587 INFO [main] org.apache.catalina.core.StandardService.startInternal Starting service [Catalina]
06-Sep-2020 16:26:42.588 INFO [main] org.apache.catalina.core.StandardEngine.startInternal Starting Servlet engine: [Apache Tomcat/9.0.37]
06-Sep-2020 16:26:42.596 INFO [main] org.apache.catalina.startup.HostConfig.deployDirectory Deploying web application directory [/Users/laymui/dev/apache-tomcat-9.0.37/webapps/docs]
06-Sep-2020 16:26:42.863 INFO [main] org.apache.catalina.startup.HostConfig.deployDirectory Deployment of web application directory [/Users/laymui/dev/apache-tomcat-9.0.37/webapps/docs] has finished in [264] ms
06-Sep-2020 16:26:42.863 INFO [main] org.apache.catalina.startup.HostConfig.deployDirectory Deploying web application directory [/Users/laymui/dev/apache-tomcat-9.0.37/webapps/manager]
06-Sep-2020 16:26:42.894 INFO [main] org.apache.catalina.startup.HostConfig.deployDirectory Deployment of web application directory [/Users/laymui/dev/apache-tomcat-9.0.37/webapps/manager] has finished in [31] ms
06-Sep-2020 16:26:42.894 INFO [main] org.apache.catalina.startup.HostConfig.deployDirectory Deploying web application directory [/Users/laymui/dev/apache-tomcat-9.0.37/webapps/examples]
06-Sep-2020 16:26:43.124 INFO [main] org.apache.catalina.startup.HostConfig.deployDirectory Deployment of web application directory [/Users/laymui/dev/apache-tomcat-9.0.37/webapps/examples] has finished in [230] ms
06-Sep-2020 16:26:43.124 INFO [main] org.apache.catalina.startup.HostConfig.deployDirectory Deploying web application directory [/Users/laymui/dev/apache-tomcat-9.0.37/webapps/ROOT]
06-Sep-2020 16:26:43.142 INFO [main] org.apache.catalina.startup.HostConfig.deployDirectory Deployment of web application directory [/Users/laymui/dev/apache-tomcat-9.0.37/webapps/ROOT] has finished in [18] ms
06-Sep-2020 16:26:43.143 INFO [main] org.apache.catalina.startup.HostConfig.deployDirectory Deploying web application directory [/Users/laymui/dev/apache-tomcat-9.0.37/webapps/host-manager]
06-Sep-2020 16:26:43.161 INFO [main] org.apache.catalina.startup.HostConfig.deployDirectory Deployment of web application directory [/Users/laymui/dev/apache-tomcat-9.0.37/webapps/host-manager] has finished in [19] ms
06-Sep-2020 16:26:43.166 INFO [main] org.apache.coyote.AbstractProtocol.start Starting ProtocolHandler ["http-nio-8080"]
06-Sep-2020 16:26:43.177 INFO [main] org.apache.catalina.startup.Catalina.start Server startup in [643] milliseconds
06-Sep-2020 16:28:53.220 INFO [Catalina-utility-1] org.apache.catalina.startup.HostConfig.deployWAR Deploying web application archive [/Users/laymui/dev/apache-tomcat-9.0.37/webapps/webapp.war]
06-Sep-2020 16:28:53.852 INFO [Catalina-utility-1] org.apache.jasper.servlet.TldScanner.scanJars At least one JAR was scanned for TLDs yet contained no TLDs. Enable debug logging for this logger for a complete list of JARs that were scanned but no TLDs were found in them. Skipping unneeded JARs during scanning can improve startup time and JSP compilation time.
06-Sep-2020 16:28:54.942 INFO [Catalina-utility-1] org.apache.catalina.startup.HostConfig.deployWAR Deployment of web application archive [/Users/laymui/dev/apache-tomcat-9.0.37/webapps/webapp.war] has finished in [1,721] ms
06-Sep-2020 16:30:25.484 INFO [Catalina-utility-2] org.apache.catalina.startup.HostConfig.undeploy Undeploying context [/webapp]
06-Sep-2020 16:31:55.538 INFO [Catalina-utility-2] org.apache.catalina.startup.HostConfig.deployWAR Deploying web application archive [/Users/laymui/dev/apache-tomcat-9.0.37/webapps/webapp.war]
06-Sep-2020 16:31:55.994 INFO [Catalina-utility-2] org.apache.jasper.servlet.TldScanner.scanJars At least one JAR was scanned for TLDs yet contained no TLDs. Enable debug logging for this logger for a complete list of JARs that were scanned but no TLDs were found in them. Skipping unneeded JARs during scanning can improve startup time and JSP compilation time.
06-Sep-2020 16:31:56.578 INFO [Catalina-utility-2] org.apache.catalina.startup.HostConfig.deployWAR Deployment of web application archive [/Users/laymui/dev/apache-tomcat-9.0.37/webapps/webapp.war] has finished in [1,040] ms
06-Sep-2020 16:32:20.818 INFO [main] org.apache.catalina.core.StandardServer.await A valid shutdown command was received via the shutdown port. Stopping the Server instance.
06-Sep-2020 16:32:20.819 INFO [main] org.apache.coyote.AbstractProtocol.pause Pausing ProtocolHandler ["http-nio-8080"]
06-Sep-2020 16:32:20.828 INFO [main] org.apache.catalina.core.StandardService.stopInternal Stopping service [Catalina]
06-Sep-2020 16:32:20.855 INFO [main] org.apache.coyote.AbstractProtocol.stop Stopping ProtocolHandler ["http-nio-8080"]
06-Sep-2020 16:32:20.856 INFO [main] org.apache.coyote.AbstractProtocol.destroy Destroying ProtocolHandler ["http-nio-8080"]
NOTE: Picked up JDK_JAVA_OPTIONS:  --add-opens=java.base/java.lang=ALL-UNNAMED --add-opens=java.base/java.io=ALL-UNNAMED --add-opens=java.rmi/sun.rmi.transport=ALL-UNNAMED
06-Sep-2020 16:32:27.972 INFO [main] org.apache.catalina.startup.VersionLoggerListener.log Server version name:   Apache Tomcat/9.0.37
06-Sep-2020 16:32:27.977 INFO [main] org.apache.catalina.startup.VersionLoggerListener.log Server built:          Jun 30 2020 20:09:49 UTC
06-Sep-2020 16:32:27.977 INFO [main] org.apache.catalina.startup.VersionLoggerListener.log Server version number: 9.0.37.0
06-Sep-2020 16:32:27.977 INFO [main] org.apache.catalina.startup.VersionLoggerListener.log OS Name:               Mac OS X
06-Sep-2020 16:32:27.978 INFO [main] org.apache.catalina.startup.VersionLoggerListener.log OS Version:            10.14.6
06-Sep-2020 16:32:27.978 INFO [main] org.apache.catalina.startup.VersionLoggerListener.log Architecture:          x86_64
06-Sep-2020 16:32:27.978 INFO [main] org.apache.catalina.startup.VersionLoggerListener.log Java Home:             /Library/Java/JavaVirtualMachines/jdk-11.0.4.jdk/Contents/Home
06-Sep-2020 16:32:27.978 INFO [main] org.apache.catalina.startup.VersionLoggerListener.log JVM Version:           11.0.4+10-LTS
06-Sep-2020 16:32:27.978 INFO [main] org.apache.catalina.startup.VersionLoggerListener.log JVM Vendor:            Oracle Corporation
06-Sep-2020 16:32:27.978 INFO [main] org.apache.catalina.startup.VersionLoggerListener.log CATALINA_BASE:         /Users/laymui/dev/apache-tomcat-9.0.37
06-Sep-2020 16:32:27.978 INFO [main] org.apache.catalina.startup.VersionLoggerListener.log CATALINA_HOME:         /Users/laymui/dev/apache-tomcat-9.0.37
06-Sep-2020 16:32:27.992 INFO [main] org.apache.catalina.startup.VersionLoggerListener.log Command line argument: --add-opens=java.base/java.lang=ALL-UNNAMED
06-Sep-2020 16:32:27.992 INFO [main] org.apache.catalina.startup.VersionLoggerListener.log Command line argument: --add-opens=java.base/java.io=ALL-UNNAMED
06-Sep-2020 16:32:27.992 INFO [main] org.apache.catalina.startup.VersionLoggerListener.log Command line argument: --add-opens=java.rmi/sun.rmi.transport=ALL-UNNAMED
06-Sep-2020 16:32:27.992 INFO [main] org.apache.catalina.startup.VersionLoggerListener.log Command line argument: -Djava.util.logging.config.file=/Users/laymui/dev/apache-tomcat-9.0.37/conf/logging.properties
06-Sep-2020 16:32:27.992 INFO [main] org.apache.catalina.startup.VersionLoggerListener.log Command line argument: -Djava.util.logging.manager=org.apache.juli.ClassLoaderLogManager
06-Sep-2020 16:32:27.992 INFO [main] org.apache.catalina.startup.VersionLoggerListener.log Command line argument: -Djdk.tls.ephemeralDHKeySize=2048
06-Sep-2020 16:32:27.992 INFO [main] org.apache.catalina.startup.VersionLoggerListener.log Command line argument: -Djava.protocol.handler.pkgs=org.apache.catalina.webresources
06-Sep-2020 16:32:27.993 INFO [main] org.apache.catalina.startup.VersionLoggerListener.log Command line argument: -Dorg.apache.catalina.security.SecurityListener.UMASK=0027
06-Sep-2020 16:32:27.993 INFO [main] org.apache.catalina.startup.VersionLoggerListener.log Command line argument: -Dignore.endorsed.dirs=
06-Sep-2020 16:32:27.993 INFO [main] org.apache.catalina.startup.VersionLoggerListener.log Command line argument: -Dcatalina.base=/Users/laymui/dev/apache-tomcat-9.0.37
06-Sep-2020 16:32:27.993 INFO [main] org.apache.catalina.startup.VersionLoggerListener.log Command line argument: -Dcatalina.home=/Users/laymui/dev/apache-tomcat-9.0.37
06-Sep-2020 16:32:27.993 INFO [main] org.apache.catalina.startup.VersionLoggerListener.log Command line argument: -Djava.io.tmpdir=/Users/laymui/dev/apache-tomcat-9.0.37/temp
06-Sep-2020 16:32:27.993 INFO [main] org.apache.catalina.core.AprLifecycleListener.lifecycleEvent The Apache Tomcat Native library which allows using OpenSSL was not found on the java.library.path: [/Users/laymui/Library/Java/Extensions:/Library/Java/Extensions:/Network/Library/Java/Extensions:/System/Library/Java/Extensions:/usr/lib/java:.]
06-Sep-2020 16:32:28.305 INFO [main] org.apache.coyote.AbstractProtocol.init Initializing ProtocolHandler ["http-nio-8080"]
06-Sep-2020 16:32:28.341 INFO [main] org.apache.catalina.startup.Catalina.load Server initialization in [539] milliseconds
06-Sep-2020 16:32:28.390 INFO [main] org.apache.catalina.core.StandardService.startInternal Starting service [Catalina]
06-Sep-2020 16:32:28.390 INFO [main] org.apache.catalina.core.StandardEngine.startInternal Starting Servlet engine: [Apache Tomcat/9.0.37]
06-Sep-2020 16:32:28.405 INFO [main] org.apache.catalina.startup.HostConfig.deployWAR Deploying web application archive [/Users/laymui/dev/apache-tomcat-9.0.37/webapps/webapp.war]
06-Sep-2020 16:32:29.133 INFO [main] org.apache.jasper.servlet.TldScanner.scanJars At least one JAR was scanned for TLDs yet contained no TLDs. Enable debug logging for this logger for a complete list of JARs that were scanned but no TLDs were found in them. Skipping unneeded JARs during scanning can improve startup time and JSP compilation time.
06-Sep-2020 16:32:29.872 INFO [main] org.apache.catalina.startup.HostConfig.deployWAR Deployment of web application archive [/Users/laymui/dev/apache-tomcat-9.0.37/webapps/webapp.war] has finished in [1,467] ms
06-Sep-2020 16:32:29.873 INFO [main] org.apache.catalina.startup.HostConfig.deployDirectory Deploying web application directory [/Users/laymui/dev/apache-tomcat-9.0.37/webapps/docs]
06-Sep-2020 16:32:29.888 INFO [main] org.apache.catalina.startup.HostConfig.deployDirectory Deployment of web application directory [/Users/laymui/dev/apache-tomcat-9.0.37/webapps/docs] has finished in [15] ms
06-Sep-2020 16:32:29.889 INFO [main] org.apache.catalina.startup.HostConfig.deployDirectory Deploying web application directory [/Users/laymui/dev/apache-tomcat-9.0.37/webapps/manager]
06-Sep-2020 16:32:29.912 INFO [main] org.apache.catalina.startup.HostConfig.deployDirectory Deployment of web application directory [/Users/laymui/dev/apache-tomcat-9.0.37/webapps/manager] has finished in [24] ms
06-Sep-2020 16:32:29.912 INFO [main] org.apache.catalina.startup.HostConfig.deployDirectory Deploying web application directory [/Users/laymui/dev/apache-tomcat-9.0.37/webapps/examples]
06-Sep-2020 16:32:30.126 INFO [main] org.apache.catalina.startup.HostConfig.deployDirectory Deployment of web application directory [/Users/laymui/dev/apache-tomcat-9.0.37/webapps/examples] has finished in [213] ms
06-Sep-2020 16:32:30.126 INFO [main] org.apache.catalina.startup.HostConfig.deployDirectory Deploying web application directory [/Users/laymui/dev/apache-tomcat-9.0.37/webapps/ROOT]
06-Sep-2020 16:32:30.140 INFO [main] org.apache.catalina.startup.HostConfig.deployDirectory Deployment of web application directory [/Users/laymui/dev/apache-tomcat-9.0.37/webapps/ROOT] has finished in [14] ms
06-Sep-2020 16:32:30.141 INFO [main] org.apache.catalina.startup.HostConfig.deployDirectory Deploying web application directory [/Users/laymui/dev/apache-tomcat-9.0.37/webapps/host-manager]
06-Sep-2020 16:32:30.157 INFO [main] org.apache.catalina.startup.HostConfig.deployDirectory Deployment of web application directory [/Users/laymui/dev/apache-tomcat-9.0.37/webapps/host-manager] has finished in [16] ms
06-Sep-2020 16:32:30.162 INFO [main] org.apache.coyote.AbstractProtocol.start Starting ProtocolHandler ["http-nio-8080"]
06-Sep-2020 16:32:30.170 INFO [main] org.apache.catalina.startup.Catalina.start Server startup in [1829] milliseconds
12-Sep-2020 09:56:42.181 INFO [Catalina-utility-2] org.apache.catalina.startup.HostConfig.undeploy Undeploying context [/webapp]
12-Sep-2020 09:56:43.392 INFO [Catalina-utility-2] org.apache.catalina.startup.HostConfig.deployWAR Deploying web application archive [/Users/laymui/dev/apache-tomcat-9.0.37/webapps/webapp.war]
12-Sep-2020 09:56:46.801 INFO [Catalina-utility-2] org.apache.jasper.servlet.TldScanner.scanJars At least one JAR was scanned for TLDs yet contained no TLDs. Enable debug logging for this logger for a complete list of JARs that were scanned but no TLDs were found in them. Skipping unneeded JARs during scanning can improve startup time and JSP compilation time.
12-Sep-2020 09:56:48.818 INFO [Catalina-utility-2] org.apache.catalina.startup.HostConfig.deployWAR Deployment of web application archive [/Users/laymui/dev/apache-tomcat-9.0.37/webapps/webapp.war] has finished in [5,416] ms
12-Sep-2020 10:01:08.929 INFO [Catalina-utility-2] org.apache.catalina.startup.HostConfig.undeploy Undeploying context [/webapp]
12-Sep-2020 10:01:08.960 INFO [Catalina-utility-2] org.apache.catalina.startup.HostConfig.deployWAR Deploying web application archive [/Users/laymui/dev/apache-tomcat-9.0.37/webapps/webapp.war]
12-Sep-2020 10:01:09.744 INFO [Catalina-utility-2] org.apache.jasper.servlet.TldScanner.scanJars At least one JAR was scanned for TLDs yet contained no TLDs. Enable debug logging for this logger for a complete list of JARs that were scanned but no TLDs were found in them. Skipping unneeded JARs during scanning can improve startup time and JSP compilation time.
12-Sep-2020 10:01:10.883 INFO [Catalina-utility-2] org.apache.catalina.startup.HostConfig.deployWAR Deployment of web application archive [/Users/laymui/dev/apache-tomcat-9.0.37/webapps/webapp.war] has finished in [1,924] ms
12-Sep-2020 10:01:40.893 INFO [Catalina-utility-1] org.apache.catalina.startup.HostConfig.undeploy Undeploying context [/webapp]
12-Sep-2020 10:01:40.924 INFO [Catalina-utility-1] org.apache.catalina.startup.HostConfig.deployWAR Deploying web application archive [/Users/laymui/dev/apache-tomcat-9.0.37/webapps/webapp.war]
12-Sep-2020 10:01:41.415 INFO [Catalina-utility-1] org.apache.jasper.servlet.TldScanner.scanJars At least one JAR was scanned for TLDs yet contained no TLDs. Enable debug logging for this logger for a complete list of JARs that were scanned but no TLDs were found in them. Skipping unneeded JARs during scanning can improve startup time and JSP compilation time.
12-Sep-2020 10:01:42.464 INFO [Catalina-utility-1] org.apache.catalina.startup.HostConfig.deployWAR Deployment of web application archive [/Users/laymui/dev/apache-tomcat-9.0.37/webapps/webapp.war] has finished in [1,541] ms
12-Sep-2020 10:29:53.092 INFO [Catalina-utility-1] org.apache.catalina.startup.HostConfig.undeploy Undeploying context [/webapp]
12-Sep-2020 10:29:53.284 INFO [Catalina-utility-1] org.apache.catalina.startup.HostConfig.deployWAR Deploying web application archive [/Users/laymui/dev/apache-tomcat-9.0.37/webapps/webapp.war]
12-Sep-2020 10:29:54.559 INFO [Catalina-utility-1] org.apache.jasper.servlet.TldScanner.scanJars At least one JAR was scanned for TLDs yet contained no TLDs. Enable debug logging for this logger for a complete list of JARs that were scanned but no TLDs were found in them. Skipping unneeded JARs during scanning can improve startup time and JSP compilation time.
12-Sep-2020 10:29:55.496 INFO [Catalina-utility-1] org.apache.catalina.startup.HostConfig.deployWAR Deployment of web application archive [/Users/laymui/dev/apache-tomcat-9.0.37/webapps/webapp.war] has finished in [2,211] ms
12-Sep-2020 10:30:35.512 INFO [Catalina-utility-1] org.apache.catalina.startup.HostConfig.undeploy Undeploying context [/webapp]
12-Sep-2020 10:30:35.534 INFO [Catalina-utility-1] org.apache.catalina.startup.HostConfig.deployWAR Deploying web application archive [/Users/laymui/dev/apache-tomcat-9.0.37/webapps/webapp.war]
12-Sep-2020 10:30:36.225 INFO [Catalina-utility-1] org.apache.jasper.servlet.TldScanner.scanJars At least one JAR was scanned for TLDs yet contained no TLDs. Enable debug logging for this logger for a complete list of JARs that were scanned but no TLDs were found in them. Skipping unneeded JARs during scanning can improve startup time and JSP compilation time.
12-Sep-2020 10:30:37.187 INFO [Catalina-utility-1] org.apache.catalina.startup.HostConfig.deployWAR Deployment of web application archive [/Users/laymui/dev/apache-tomcat-9.0.37/webapps/webapp.war] has finished in [1,652] ms
12-Sep-2020 11:10:58.322 INFO [Catalina-utility-2] org.apache.catalina.startup.HostConfig.undeploy Undeploying context [/webapp]
12-Sep-2020 11:10:58.692 INFO [Catalina-utility-2] org.apache.catalina.startup.HostConfig.deployWAR Deploying web application archive [/Users/laymui/dev/apache-tomcat-9.0.37/webapps/webapp.war]
12-Sep-2020 11:10:59.953 INFO [Catalina-utility-2] org.apache.jasper.servlet.TldScanner.scanJars At least one JAR was scanned for TLDs yet contained no TLDs. Enable debug logging for this logger for a complete list of JARs that were scanned but no TLDs were found in them. Skipping unneeded JARs during scanning can improve startup time and JSP compilation time.
12-Sep-2020 11:11:01.135 INFO [Catalina-utility-2] org.apache.catalina.startup.HostConfig.deployWAR Deployment of web application archive [/Users/laymui/dev/apache-tomcat-9.0.37/webapps/webapp.war] has finished in [2,444] ms
12-Sep-2020 11:12:11.152 INFO [Catalina-utility-2] org.apache.catalina.startup.HostConfig.undeploy Undeploying context [/webapp]
12-Sep-2020 11:12:11.169 INFO [Catalina-utility-2] org.apache.catalina.startup.HostConfig.deployWAR Deploying web application archive [/Users/laymui/dev/apache-tomcat-9.0.37/webapps/webapp.war]
12-Sep-2020 11:12:11.940 INFO [Catalina-utility-2] org.apache.jasper.servlet.TldScanner.scanJars At least one JAR was scanned for TLDs yet contained no TLDs. Enable debug logging for this logger for a complete list of JARs that were scanned but no TLDs were found in them. Skipping unneeded JARs during scanning can improve startup time and JSP compilation time.
12-Sep-2020 11:12:13.140 INFO [Catalina-utility-2] org.apache.catalina.startup.HostConfig.deployWAR Deployment of web application archive [/Users/laymui/dev/apache-tomcat-9.0.37/webapps/webapp.war] has finished in [1,971] ms
NOTE: Picked up JDK_JAVA_OPTIONS:  --add-opens=java.base/java.lang=ALL-UNNAMED --add-opens=java.base/java.io=ALL-UNNAMED --add-opens=java.rmi/sun.rmi.transport=ALL-UNNAMED
22-Sep-2020 20:42:28.869 INFO [main] org.apache.catalina.startup.VersionLoggerListener.log Server version name:   Apache Tomcat/9.0.37
22-Sep-2020 20:42:28.872 INFO [main] org.apache.catalina.startup.VersionLoggerListener.log Server built:          Jun 30 2020 20:09:49 UTC
22-Sep-2020 20:42:28.873 INFO [main] org.apache.catalina.startup.VersionLoggerListener.log Server version number: 9.0.37.0
22-Sep-2020 20:42:28.873 INFO [main] org.apache.catalina.startup.VersionLoggerListener.log OS Name:               Mac OS X
22-Sep-2020 20:42:28.873 INFO [main] org.apache.catalina.startup.VersionLoggerListener.log OS Version:            10.15.6
22-Sep-2020 20:42:28.873 INFO [main] org.apache.catalina.startup.VersionLoggerListener.log Architecture:          x86_64
22-Sep-2020 20:42:28.873 INFO [main] org.apache.catalina.startup.VersionLoggerListener.log Java Home:             /Library/Java/JavaVirtualMachines/jdk-11.0.4.jdk/Contents/Home
22-Sep-2020 20:42:28.873 INFO [main] org.apache.catalina.startup.VersionLoggerListener.log JVM Version:           11.0.4+10-LTS
22-Sep-2020 20:42:28.873 INFO [main] org.apache.catalina.startup.VersionLoggerListener.log JVM Vendor:            Oracle Corporation
22-Sep-2020 20:42:28.873 INFO [main] org.apache.catalina.startup.VersionLoggerListener.log CATALINA_BASE:         /Users/laymui/dev/apache-tomcat-9.0.37
22-Sep-2020 20:42:28.874 INFO [main] org.apache.catalina.startup.VersionLoggerListener.log CATALINA_HOME:         /Users/laymui/dev/apache-tomcat-9.0.37
22-Sep-2020 20:42:28.887 INFO [main] org.apache.catalina.startup.VersionLoggerListener.log Command line argument: --add-opens=java.base/java.lang=ALL-UNNAMED
22-Sep-2020 20:42:28.888 INFO [main] org.apache.catalina.startup.VersionLoggerListener.log Command line argument: --add-opens=java.base/java.io=ALL-UNNAMED
22-Sep-2020 20:42:28.888 INFO [main] org.apache.catalina.startup.VersionLoggerListener.log Command line argument: --add-opens=java.rmi/sun.rmi.transport=ALL-UNNAMED
22-Sep-2020 20:42:28.888 INFO [main] org.apache.catalina.startup.VersionLoggerListener.log Command line argument: -Djava.util.logging.config.file=/Users/laymui/dev/apache-tomcat-9.0.37/conf/logging.properties
22-Sep-2020 20:42:28.888 INFO [main] org.apache.catalina.startup.VersionLoggerListener.log Command line argument: -Djava.util.logging.manager=org.apache.juli.ClassLoaderLogManager
22-Sep-2020 20:42:28.888 INFO [main] org.apache.catalina.startup.VersionLoggerListener.log Command line argument: -Djdk.tls.ephemeralDHKeySize=2048
22-Sep-2020 20:42:28.888 INFO [main] org.apache.catalina.startup.VersionLoggerListener.log Command line argument: -Djava.protocol.handler.pkgs=org.apache.catalina.webresources
22-Sep-2020 20:42:28.888 INFO [main] org.apache.catalina.startup.VersionLoggerListener.log Command line argument: -Dorg.apache.catalina.security.SecurityListener.UMASK=0027
22-Sep-2020 20:42:28.888 INFO [main] org.apache.catalina.startup.VersionLoggerListener.log Command line argument: -Dignore.endorsed.dirs=
22-Sep-2020 20:42:28.889 INFO [main] org.apache.catalina.startup.VersionLoggerListener.log Command line argument: -Dcatalina.base=/Users/laymui/dev/apache-tomcat-9.0.37
22-Sep-2020 20:42:28.889 INFO [main] org.apache.catalina.startup.VersionLoggerListener.log Command line argument: -Dcatalina.home=/Users/laymui/dev/apache-tomcat-9.0.37
22-Sep-2020 20:42:28.889 INFO [main] org.apache.catalina.startup.VersionLoggerListener.log Command line argument: -Djava.io.tmpdir=/Users/laymui/dev/apache-tomcat-9.0.37/temp
22-Sep-2020 20:42:28.889 INFO [main] org.apache.catalina.core.AprLifecycleListener.lifecycleEvent The Apache Tomcat Native library which allows using OpenSSL was not found on the java.library.path: [/Users/laymui/Library/Java/Extensions:/Library/Java/Extensions:/Network/Library/Java/Extensions:/System/Library/Java/Extensions:/usr/lib/java:.]
22-Sep-2020 20:42:29.162 INFO [main] org.apache.coyote.AbstractProtocol.init Initializing ProtocolHandler ["http-nio-8080"]
22-Sep-2020 20:42:29.194 INFO [main] org.apache.catalina.startup.Catalina.load Server initialization in [517] milliseconds
22-Sep-2020 20:42:29.241 INFO [main] org.apache.catalina.core.StandardService.startInternal Starting service [Catalina]
22-Sep-2020 20:42:29.241 INFO [main] org.apache.catalina.core.StandardEngine.startInternal Starting Servlet engine: [Apache Tomcat/9.0.37]
22-Sep-2020 20:42:29.259 INFO [main] org.apache.catalina.startup.HostConfig.deployWAR Deploying web application archive [/Users/laymui/dev/apache-tomcat-9.0.37/webapps/webapp.war]
22-Sep-2020 20:42:30.077 INFO [main] org.apache.jasper.servlet.TldScanner.scanJars At least one JAR was scanned for TLDs yet contained no TLDs. Enable debug logging for this logger for a complete list of JARs that were scanned but no TLDs were found in them. Skipping unneeded JARs during scanning can improve startup time and JSP compilation time.
22-Sep-2020 20:42:30.911 INFO [main] org.apache.catalina.startup.HostConfig.deployWAR Deployment of web application archive [/Users/laymui/dev/apache-tomcat-9.0.37/webapps/webapp.war] has finished in [1,652] ms
22-Sep-2020 20:42:30.912 INFO [main] org.apache.catalina.startup.HostConfig.deployDirectory Deploying web application directory [/Users/laymui/dev/apache-tomcat-9.0.37/webapps/docs]
22-Sep-2020 20:42:30.928 INFO [main] org.apache.catalina.startup.HostConfig.deployDirectory Deployment of web application directory [/Users/laymui/dev/apache-tomcat-9.0.37/webapps/docs] has finished in [16] ms
22-Sep-2020 20:42:30.929 INFO [main] org.apache.catalina.startup.HostConfig.deployDirectory Deploying web application directory [/Users/laymui/dev/apache-tomcat-9.0.37/webapps/manager]
22-Sep-2020 20:42:30.954 INFO [main] org.apache.catalina.startup.HostConfig.deployDirectory Deployment of web application directory [/Users/laymui/dev/apache-tomcat-9.0.37/webapps/manager] has finished in [25] ms
22-Sep-2020 20:42:30.955 INFO [main] org.apache.catalina.startup.HostConfig.deployDirectory Deploying web application directory [/Users/laymui/dev/apache-tomcat-9.0.37/webapps/examples]
22-Sep-2020 20:42:31.202 INFO [main] org.apache.catalina.startup.HostConfig.deployDirectory Deployment of web application directory [/Users/laymui/dev/apache-tomcat-9.0.37/webapps/examples] has finished in [247] ms
22-Sep-2020 20:42:31.202 INFO [main] org.apache.catalina.startup.HostConfig.deployDirectory Deploying web application directory [/Users/laymui/dev/apache-tomcat-9.0.37/webapps/ROOT]
22-Sep-2020 20:42:31.218 INFO [main] org.apache.catalina.startup.HostConfig.deployDirectory Deployment of web application directory [/Users/laymui/dev/apache-tomcat-9.0.37/webapps/ROOT] has finished in [15] ms
22-Sep-2020 20:42:31.218 INFO [main] org.apache.catalina.startup.HostConfig.deployDirectory Deploying web application directory [/Users/laymui/dev/apache-tomcat-9.0.37/webapps/host-manager]
22-Sep-2020 20:42:31.237 INFO [main] org.apache.catalina.startup.HostConfig.deployDirectory Deployment of web application directory [/Users/laymui/dev/apache-tomcat-9.0.37/webapps/host-manager] has finished in [19] ms
22-Sep-2020 20:42:31.242 INFO [main] org.apache.coyote.AbstractProtocol.start Starting ProtocolHandler ["http-nio-8080"]
22-Sep-2020 20:42:31.250 INFO [main] org.apache.catalina.startup.Catalina.start Server startup in [2055] milliseconds
23-Sep-2020 15:22:26.955 INFO [Thread-3] org.apache.coyote.AbstractProtocol.pause Pausing ProtocolHandler ["http-nio-8080"]
23-Sep-2020 15:22:26.976 INFO [Thread-3] org.apache.catalina.core.StandardService.stopInternal Stopping service [Catalina]
23-Sep-2020 15:22:27.050 INFO [Thread-3] org.apache.coyote.AbstractProtocol.stop Stopping ProtocolHandler ["http-nio-8080"]
23-Sep-2020 15:22:27.054 INFO [Thread-3] org.apache.coyote.AbstractProtocol.destroy Destroying ProtocolHandler ["http-nio-8080"]
