09-Apr-2021 09:25:27.900 INFO [main] org.apache.catalina.startup.VersionLoggerListener.log Server version name:   Apache Tomcat/9.0.37
09-Apr-2021 09:25:27.902 INFO [main] org.apache.catalina.startup.VersionLoggerListener.log Server built:          Jun 30 2020 20:09:49 UTC
09-Apr-2021 09:25:27.902 INFO [main] org.apache.catalina.startup.VersionLoggerListener.log Server version number: 9.0.37.0
09-Apr-2021 09:25:27.903 INFO [main] org.apache.catalina.startup.VersionLoggerListener.log OS Name:               Mac OS X
09-Apr-2021 09:25:27.903 INFO [main] org.apache.catalina.startup.VersionLoggerListener.log OS Version:            10.15.7
09-Apr-2021 09:25:27.903 INFO [main] org.apache.catalina.startup.VersionLoggerListener.log Architecture:          x86_64
09-Apr-2021 09:25:27.903 INFO [main] org.apache.catalina.startup.VersionLoggerListener.log Java Home:             /Library/Java/JavaVirtualMachines/jdk-11.0.4.jdk/Contents/Home
09-Apr-2021 09:25:27.903 INFO [main] org.apache.catalina.startup.VersionLoggerListener.log JVM Version:           11.0.4+10-LTS
09-Apr-2021 09:25:27.903 INFO [main] org.apache.catalina.startup.VersionLoggerListener.log JVM Vendor:            Oracle Corporation
09-Apr-2021 09:25:27.903 INFO [main] org.apache.catalina.startup.VersionLoggerListener.log CATALINA_BASE:         /Users/laymui/dev/taiger/demo-serenity-rest-screenplay/apache-tomcat-9.0.37
09-Apr-2021 09:25:27.903 INFO [main] org.apache.catalina.startup.VersionLoggerListener.log CATALINA_HOME:         /Users/laymui/dev/taiger/demo-serenity-rest-screenplay/apache-tomcat-9.0.37
09-Apr-2021 09:25:27.924 INFO [main] org.apache.catalina.startup.VersionLoggerListener.log Command line argument: --add-opens=java.base/java.lang=ALL-UNNAMED
09-Apr-2021 09:25:27.924 INFO [main] org.apache.catalina.startup.VersionLoggerListener.log Command line argument: --add-opens=java.base/java.io=ALL-UNNAMED
09-Apr-2021 09:25:27.925 INFO [main] org.apache.catalina.startup.VersionLoggerListener.log Command line argument: --add-opens=java.rmi/sun.rmi.transport=ALL-UNNAMED
09-Apr-2021 09:25:27.925 INFO [main] org.apache.catalina.startup.VersionLoggerListener.log Command line argument: -Djava.util.logging.config.file=/Users/laymui/dev/taiger/demo-serenity-rest-screenplay/apache-tomcat-9.0.37/conf/logging.properties
09-Apr-2021 09:25:27.925 INFO [main] org.apache.catalina.startup.VersionLoggerListener.log Command line argument: -Djava.util.logging.manager=org.apache.juli.ClassLoaderLogManager
09-Apr-2021 09:25:27.925 INFO [main] org.apache.catalina.startup.VersionLoggerListener.log Command line argument: -Djdk.tls.ephemeralDHKeySize=2048
09-Apr-2021 09:25:27.925 INFO [main] org.apache.catalina.startup.VersionLoggerListener.log Command line argument: -Djava.protocol.handler.pkgs=org.apache.catalina.webresources
09-Apr-2021 09:25:27.925 INFO [main] org.apache.catalina.startup.VersionLoggerListener.log Command line argument: -Dorg.apache.catalina.security.SecurityListener.UMASK=0027
09-Apr-2021 09:25:27.925 INFO [main] org.apache.catalina.startup.VersionLoggerListener.log Command line argument: -Dignore.endorsed.dirs=
09-Apr-2021 09:25:27.925 INFO [main] org.apache.catalina.startup.VersionLoggerListener.log Command line argument: -Dcatalina.base=/Users/laymui/dev/taiger/demo-serenity-rest-screenplay/apache-tomcat-9.0.37
09-Apr-2021 09:25:27.925 INFO [main] org.apache.catalina.startup.VersionLoggerListener.log Command line argument: -Dcatalina.home=/Users/laymui/dev/taiger/demo-serenity-rest-screenplay/apache-tomcat-9.0.37
09-Apr-2021 09:25:27.926 INFO [main] org.apache.catalina.startup.VersionLoggerListener.log Command line argument: -Djava.io.tmpdir=/Users/laymui/dev/taiger/demo-serenity-rest-screenplay/apache-tomcat-9.0.37/temp
09-Apr-2021 09:25:27.926 INFO [main] org.apache.catalina.core.AprLifecycleListener.lifecycleEvent The Apache Tomcat Native library which allows using OpenSSL was not found on the java.library.path: [/Users/laymui/Library/Java/Extensions:/Library/Java/Extensions:/Network/Library/Java/Extensions:/System/Library/Java/Extensions:/usr/lib/java:.]
09-Apr-2021 09:25:28.189 INFO [main] org.apache.coyote.AbstractProtocol.init Initializing ProtocolHandler ["http-nio-8080"]
09-Apr-2021 09:25:28.220 INFO [main] org.apache.catalina.startup.Catalina.load Server initialization in [502] milliseconds
09-Apr-2021 09:25:28.261 INFO [main] org.apache.catalina.core.StandardService.startInternal Starting service [Catalina]
09-Apr-2021 09:25:28.261 INFO [main] org.apache.catalina.core.StandardEngine.startInternal Starting Servlet engine: [Apache Tomcat/9.0.37]
09-Apr-2021 09:25:28.275 INFO [main] org.apache.catalina.startup.HostConfig.deployWAR Deploying web application archive [/Users/laymui/dev/taiger/demo-serenity-rest-screenplay/apache-tomcat-9.0.37/webapps/webapp.war]
09-Apr-2021 09:25:28.293 INFO [main] org.apache.catalina.startup.ExpandWar.expand An expanded directory [/Users/laymui/dev/taiger/demo-serenity-rest-screenplay/apache-tomcat-9.0.37/webapps/webapp] was found with a last modified time that did not match the associated WAR. It will be deleted.
09-Apr-2021 09:25:29.378 INFO [main] org.apache.jasper.servlet.TldScanner.scanJars At least one JAR was scanned for TLDs yet contained no TLDs. Enable debug logging for this logger for a complete list of JARs that were scanned but no TLDs were found in them. Skipping unneeded JARs during scanning can improve startup time and JSP compilation time.
09-Apr-2021 09:25:30.193 INFO [main] org.apache.catalina.startup.HostConfig.deployWAR Deployment of web application archive [/Users/laymui/dev/taiger/demo-serenity-rest-screenplay/apache-tomcat-9.0.37/webapps/webapp.war] has finished in [1,917] ms
09-Apr-2021 09:25:30.194 INFO [main] org.apache.catalina.startup.HostConfig.deployDirectory Deploying web application directory [/Users/laymui/dev/taiger/demo-serenity-rest-screenplay/apache-tomcat-9.0.37/webapps/docs]
09-Apr-2021 09:25:30.206 INFO [main] org.apache.catalina.startup.HostConfig.deployDirectory Deployment of web application directory [/Users/laymui/dev/taiger/demo-serenity-rest-screenplay/apache-tomcat-9.0.37/webapps/docs] has finished in [13] ms
09-Apr-2021 09:25:30.207 INFO [main] org.apache.catalina.startup.HostConfig.deployDirectory Deploying web application directory [/Users/laymui/dev/taiger/demo-serenity-rest-screenplay/apache-tomcat-9.0.37/webapps/manager]
09-Apr-2021 09:25:30.229 INFO [main] org.apache.catalina.startup.HostConfig.deployDirectory Deployment of web application directory [/Users/laymui/dev/taiger/demo-serenity-rest-screenplay/apache-tomcat-9.0.37/webapps/manager] has finished in [22] ms
09-Apr-2021 09:25:30.229 INFO [main] org.apache.catalina.startup.HostConfig.deployDirectory Deploying web application directory [/Users/laymui/dev/taiger/demo-serenity-rest-screenplay/apache-tomcat-9.0.37/webapps/examples]
09-Apr-2021 09:25:30.395 INFO [main] org.apache.catalina.startup.HostConfig.deployDirectory Deployment of web application directory [/Users/laymui/dev/taiger/demo-serenity-rest-screenplay/apache-tomcat-9.0.37/webapps/examples] has finished in [166] ms
09-Apr-2021 09:25:30.396 INFO [main] org.apache.catalina.startup.HostConfig.deployDirectory Deploying web application directory [/Users/laymui/dev/taiger/demo-serenity-rest-screenplay/apache-tomcat-9.0.37/webapps/ROOT]
09-Apr-2021 09:25:30.406 INFO [main] org.apache.catalina.startup.HostConfig.deployDirectory Deployment of web application directory [/Users/laymui/dev/taiger/demo-serenity-rest-screenplay/apache-tomcat-9.0.37/webapps/ROOT] has finished in [11] ms
09-Apr-2021 09:25:30.407 INFO [main] org.apache.catalina.startup.HostConfig.deployDirectory Deploying web application directory [/Users/laymui/dev/taiger/demo-serenity-rest-screenplay/apache-tomcat-9.0.37/webapps/host-manager]
09-Apr-2021 09:25:30.421 INFO [main] org.apache.catalina.startup.HostConfig.deployDirectory Deployment of web application directory [/Users/laymui/dev/taiger/demo-serenity-rest-screenplay/apache-tomcat-9.0.37/webapps/host-manager] has finished in [14] ms
09-Apr-2021 09:25:30.426 INFO [main] org.apache.coyote.AbstractProtocol.start Starting ProtocolHandler ["http-nio-8080"]
09-Apr-2021 09:25:30.434 INFO [main] org.apache.catalina.startup.Catalina.start Server startup in [2213] milliseconds
